Turbo Assembler	 Version 3.0	    09/27/18 01:19:30	    Page 1
AREAT.asm



      1				     ;**********************************************************
      2				     ; AREAT.ASM
      3				     ;
      4				     ; Este programa multiplica	dos variables de un byte sin
      5				     ; signo.
      6				     ;**********************************************************
      7				     ;****** CÓDIGO DE	INICIO **********************************
      8						     ideal
      9						     dosseg
     10	0000					     model small
     11	0000					     stack		     256
     12				     ;****** VARIABLES DEL PROGRAMA ****************************
     13	0100							     dataseg
     14	0000  00				     codsal	     db		     0
     15	0001  ??				     dato1	     db		     ?
     16	0002  ??				     dato2	     db		     ?
     17	0003  ??				     dato3	     db		     ?
     18	0004  ????				     resul	     dw		     ?
     19				     ;****** CÓDIGO DEL PROGRAMA *******************************
     20	0006					     codeseg
     21	0000			     inicio:
     22	0000  B8 0000s				     mov	     ax,	     @data ; Inicializa	el
     23	0003  8E D8				     mov	     ds,	     ax	; segmento de datos
     24	0005  A0 0001r				     mov	     al,	     [dato1] ; resul = dato1 * dato2   esto va a l  +
     25				     el	dato1
     26	0008  F6 26 0002r			     mul	     [dato2]
     27	000C  A3 0004r				     mov	     [resul],	     ax	  ; esto es guarda en ax la respuesta o	    +
     28				     resultado y luego se pasa a resul
     29						     ; dividendo esta en ax
     30	000F  F6 36 0003r			     div	     [dato3]	     ; divisor es fuente un byte
     31	0013  A3 0004r				     mov		     [resul],		     ax; cociente esta en al
     32
     33	0016			     salir:
     34	0016  B4 4C				     mov	     ah,	     04Ch
     35	0018  A0 0000r				     mov	     al,	     [codsal]
     36	001B  CD 21				     int	     21h
     37				     ;****** CÓDIGO DE	TERMINACIÓN *****************************
     38				     end inicio
Turbo Assembler	 Version 3.0	    09/27/18 01:19:30	    Page 2
Symbol Table




Symbol Name			  Type	 Value

??DATE				  Text	 "09/27/18"
??FILENAME			  Text	 "AREAT	  "
??TIME				  Text	 "01:19:30"
??VERSION			  Number 0300
@32BIT				  Text	 0
@CODE				  Text	 _TEXT
@CODESIZE			  Text	 0
@CPU				  Text	 0101H
@CURSEG				  Text	 _TEXT
@DATA				  Text	 DGROUP
@DATASIZE			  Text	 0
@FILENAME			  Text	 AREAT
@INTERFACE			  Text	 00H
@MODEL				  Text	 2
@STACK				  Text	 DGROUP
@WORDSIZE			  Text	 2
CODSAL				  Byte	 DGROUP:0000
DATO1				  Byte	 DGROUP:0001
DATO2				  Byte	 DGROUP:0002
DATO3				  Byte	 DGROUP:0003
INICIO				  Near	 _TEXT:0000
RESUL				  Word	 DGROUP:0004
SALIR				  Near	 _TEXT:0016

Groups & Segments		  Bit Size Align  Combine Class

DGROUP				  Group
  STACK				  16  0100 Para	  Stack	  STACK
  _DATA				  16  0006 Word	  Public  DATA
_TEXT				  16  001D Word	  Public  CODE
