Turbo Assembler	 Version 3.0	    09/25/18 09:37:10	    Page 1
multi.asm



      1				     ;**********************************************************
      2				     ; MULTI.ASM
      3				     ;
      4				     ; Este programa multiplica	dos variables de un byte sin
      5				     ; signo.
      6				     ;**********************************************************
      7				     ;****** CÓDIGO DE	INICIO **********************************
      8						     ideal
      9						     dosseg
     10	0000					     model small
     11	0000					     stack 256
     12				     ;****** VARIABLES DEL PROGRAMA ****************************
     13	0100						     dataseg
     14	0000  00				     codsal db 0
     15	0001  ??				     dato1 db ?
     16	0002  ??				     dato2 db ?
     17	0003  ????				     resul dw ?
     18				     ;****** CÓDIGO DEL PROGRAMA *******************************
     19	0005			     codeseg
     20	0000			     inicio:
     21	0000  B8 0000s				     mov ax, @data ; Inicializa	el
     22	0003  8E D8				     mov ds, ax	; segmento de datos
     23	0005  A0 0001r				     mov al, [dato1] ; resul = dato1 * dato2
     24	0008  F6 26 0002r			     mul [dato2]
     25	000C  A3 0003r				     mov [resul], ax
     26	000F			     salir:
     27	000F  B4 4C				     mov ah, 04Ch
     28	0011  A0 0000r				     mov al, [codsal]
     29	0014  CD 21				     int 21h
     30				     ;****** CÓDIGO DE	TERMINACIÓN *****************************
     31				     end inicio
Turbo Assembler	 Version 3.0	    09/25/18 09:37:10	    Page 2
Symbol Table




Symbol Name			  Type	 Value

??DATE				  Text	 "09/25/18"
??FILENAME			  Text	 "multi	  "
??TIME				  Text	 "09:37:10"
??VERSION			  Number 0300
@32BIT				  Text	 0
@CODE				  Text	 _TEXT
@CODESIZE			  Text	 0
@CPU				  Text	 0101H
@CURSEG				  Text	 _TEXT
@DATA				  Text	 DGROUP
@DATASIZE			  Text	 0
@FILENAME			  Text	 MULTI
@INTERFACE			  Text	 00H
@MODEL				  Text	 2
@STACK				  Text	 DGROUP
@WORDSIZE			  Text	 2
CODSAL				  Byte	 DGROUP:0000
DATO1				  Byte	 DGROUP:0001
DATO2				  Byte	 DGROUP:0002
INICIO				  Near	 _TEXT:0000
RESUL				  Word	 DGROUP:0003
SALIR				  Near	 _TEXT:000F

Groups & Segments		  Bit Size Align  Combine Class

DGROUP				  Group
  STACK				  16  0100 Para	  Stack	  STACK
  _DATA				  16  0005 Word	  Public  DATA
_TEXT				  16  0016 Word	  Public  CODE
