Turbo Assembler	 Version 3.0	    09/24/18 19:39:52	    Page 1
primero.asm



      1				     ;**********************************************************
      2				     ; PRIMER.ASM.
      3				     ;
      4				     ; Este programa ilustra la	estructura de un programa en
      5				     ; ensamblador. También muestra las	principales directivas
      6				     ; para el ensamblador.
      7				     ;**********************************************************
      8				     ;****** CÓDIGO DE INICIO **********************************
      9				     ideal
     10				     dosseg
     11	0000			     model small
     12	0000			     stack 256
     13				     ;****** DECLARACIÓN DE CONSTANTES SIMBÓLICAS **************
     14	      =	10		     cte equ 10
     15				     ;****** VARIABLES DEL PROGRAMA ****************************
     16	0100			     dataseg
     17	0000  00		     codsal db 0
     18	0001  ??		     dato1 db ?
     19	0002  ??		     dato2 db ?
     20	0003  ??		     resul db ?
     21				     ;****** CÓDIGO DEL	PROGRAMA *******************************
     22	0004			     codeseg
     23	0000			     inicio:
     24	0000  B8 0000s		     mov ax, @data ; Inicializa	el
     25	0003  8E D8		     mov ds, ax	; segmento de datos
     26
     27	0005  A0 0001r		     mov al, [dato1]
     28	0008  02 06 0002r	     add al, [dato2]
     29	000C  04 0A		     add al, cte
     30	000E  A2 0003r		     mov [resul], al
     31
     32	0011			     salir:
     33	0011  B4 4C		     mov ah, 04Ch
     34	0013  A0 0000r		     mov al, [codsal]
     35	0016  CD 21		     int 21h
     36
     37				     ;****** CÓDIGO DE TERMINACIÓN *****************************
     38				     end inicio
Turbo Assembler	 Version 3.0	    09/24/18 19:39:52	    Page 2
Symbol Table




Symbol Name			  Type	 Value

??DATE				  Text	 "09/24/18"
??FILENAME			  Text	 "primero "
??TIME				  Text	 "19:39:52"
??VERSION			  Number 0300
@32BIT				  Text	 0
@CODE				  Text	 _TEXT
@CODESIZE			  Text	 0
@CPU				  Text	 0101H
@CURSEG				  Text	 _TEXT
@DATA				  Text	 DGROUP
@DATASIZE			  Text	 0
@FILENAME			  Text	 PRIMERO
@INTERFACE			  Text	 00H
@MODEL				  Text	 2
@STACK				  Text	 DGROUP
@WORDSIZE			  Text	 2
CODSAL				  Byte	 DGROUP:0000
CTE				  Text	 10
DATO1				  Byte	 DGROUP:0001
DATO2				  Byte	 DGROUP:0002
INICIO				  Near	 _TEXT:0000
RESUL				  Byte	 DGROUP:0003
SALIR				  Near	 _TEXT:0011

Groups & Segments		  Bit Size Align  Combine Class

DGROUP				  Group
  STACK				  16  0100 Para	  Stack	  STACK
  _DATA				  16  0004 Word	  Public  DATA
_TEXT				  16  0018 Word	  Public  CODE
