Turbo Assembler	 Version 3.0	    09/24/18 22:54:21	    Page 1
RESTA.asm



      1				     ;**********************************************************
      2				     ; RESTA.ASM
      3				     ;
      4				     ; Este programa resta dos variables de tipo palabra.
      5				     ;**********************************************************
      6				     ;****** CÓDIGO DE	INICIO **********************************
      7					     ideal
      8					     dosseg
      9	0000				     model small
     10	0000				     stack 256
     11					     ;****** VARIABLES DEL PROGRAMA ****************************
     12	0100				     dataseg
     13	0000  00		     codsal db 0
     14	0001  ????		     dato1 dw ?
     15	0003  ????		     dato2 dw ?
     16	0005  ????		     resul dw ?
     17				     ;****** CÓDIGO DEL PROGRAMA *******************************
     18	0007				     codeseg
     19	0000			     inicio:
     20	0000  B8 0000s			     mov ax, @data ; Inicializa	el
     21	0003  8E D8			     mov ds, ax	; segmento de datos
     22	0005  A1 0001r			     mov ax, [dato1] ; resul = dato1 - dato2
     23	0008  2B 06 0003r		     sub ax, [dato2]
     24	000C  A3 0005r			     mov [resul], ax
     25	000F			     salir:
     26	000F  B4 4C			     mov ah, 04Ch
     27	0011  A0 0000r			     mov al, [codsal]
     28	0014  CD 21			     int 21h
     29				     ;****** CÓDIGO DE	TERMINACIÓN *****************************
     30				     end inicio
Turbo Assembler	 Version 3.0	    09/24/18 22:54:21	    Page 2
Symbol Table




Symbol Name			  Type	 Value

??DATE				  Text	 "09/24/18"
??FILENAME			  Text	 "RESTA	  "
??TIME				  Text	 "22:54:21"
??VERSION			  Number 0300
@32BIT				  Text	 0
@CODE				  Text	 _TEXT
@CODESIZE			  Text	 0
@CPU				  Text	 0101H
@CURSEG				  Text	 _TEXT
@DATA				  Text	 DGROUP
@DATASIZE			  Text	 0
@FILENAME			  Text	 RESTA
@INTERFACE			  Text	 00H
@MODEL				  Text	 2
@STACK				  Text	 DGROUP
@WORDSIZE			  Text	 2
CODSAL				  Byte	 DGROUP:0000
DATO1				  Word	 DGROUP:0001
DATO2				  Word	 DGROUP:0003
INICIO				  Near	 _TEXT:0000
RESUL				  Word	 DGROUP:0005
SALIR				  Near	 _TEXT:000F

Groups & Segments		  Bit Size Align  Combine Class

DGROUP				  Group
  STACK				  16  0100 Para	  Stack	  STACK
  _DATA				  16  0007 Word	  Public  DATA
_TEXT				  16  0016 Word	  Public  CODE
