Turbo Assembler	 Version 3.0	    09/26/18 22:44:12	    Page 1
VUELTO.asm



      1
      2				      ideal
      3				      dosseg
      4	0000			      model small
      5	0000			      stack 256
      6				     ;****** VARIABLES DEL PROGRAMA ****************************
      7	0100			      dataseg
      8	0000  00		     codsal db 0
      9	0001  ????		     dinero dw ?
     10	0003  ????		     pago dw ?
     11	0005  ????		     vuelto dw ?
     12				     ;****** CÓDIGO DEL PROGRAMA *******************************
     13	0007			      codeseg
     14	0000			     inicio:
     15	0000  B8 0000s		      mov ax, @data
     16	0003  8E D8		      mov ds, ax
     17	0005  A1 0001r		      mov ax, [dinero]
     18	0008  2B 06 0003r	      sub ax, [pago]
     19	000C  A3 0005r		      mov [vuelto], ax
     20	000F			     salir:
     21	000F  B4 4C		      mov ah, 04Ch
     22	0011  A0 0000r		      mov al, [codsal]
     23	0014  CD 21		      int 21h
     24				     ;****** CÓDIGO DE	TERMINACIÓN *****************************
     25				      end inicio
Turbo Assembler	 Version 3.0	    09/26/18 22:44:12	    Page 2
Symbol Table




Symbol Name			  Type	 Value

??DATE				  Text	 "09/26/18"
??FILENAME			  Text	 "VUELTO  "
??TIME				  Text	 "22:44:12"
??VERSION			  Number 0300
@32BIT				  Text	 0
@CODE				  Text	 _TEXT
@CODESIZE			  Text	 0
@CPU				  Text	 0101H
@CURSEG				  Text	 _TEXT
@DATA				  Text	 DGROUP
@DATASIZE			  Text	 0
@FILENAME			  Text	 VUELTO
@INTERFACE			  Text	 00H
@MODEL				  Text	 2
@STACK				  Text	 DGROUP
@WORDSIZE			  Text	 2
CODSAL				  Byte	 DGROUP:0000
DINERO				  Word	 DGROUP:0001
INICIO				  Near	 _TEXT:0000
PAGO				  Word	 DGROUP:0003
SALIR				  Near	 _TEXT:000F
VUELTO				  Word	 DGROUP:0005

Groups & Segments		  Bit Size Align  Combine Class

DGROUP				  Group
  STACK				  16  0100 Para	  Stack	  STACK
  _DATA				  16  0007 Word	  Public  DATA
_TEXT				  16  0016 Word	  Public  CODE
